::1 - - [02/Oct/2017:09:40:00 +0000] "GET / HTTP/1.1" 304 - "http://localhost:3000/profile/mrm7moud" "Mozilla/5.0 (X11; Linux x86_64) AppleWebKit/537.36 (KHTML, like Gecko) Chrome/61.0.3163.100 Safari/537.36"
::1 - - [02/Oct/2017:09:40:00 +0000] "GET /css/bootstrap-social.css HTTP/1.1" 304 - "http://localhost:3000/" "Mozilla/5.0 (X11; Linux x86_64) AppleWebKit/537.36 (KHTML, like Gecko) Chrome/61.0.3163.100 Safari/537.36"
::1 - - [02/Oct/2017:09:40:00 +0000] "GET /css/home.css HTTP/1.1" 304 - "http://localhost:3000/" "Mozilla/5.0 (X11; Linux x86_64) AppleWebKit/537.36 (KHTML, like Gecko) Chrome/61.0.3163.100 Safari/537.36"
::1 - - [02/Oct/2017:09:40:01 +0000] "GET /css/search.css HTTP/1.1" 304 - "http://localhost:3000/" "Mozilla/5.0 (X11; Linux x86_64) AppleWebKit/537.36 (KHTML, like Gecko) Chrome/61.0.3163.100 Safari/537.36"
::1 - - [02/Oct/2017:09:40:13 +0000] "GET /logout HTTP/1.1" 302 46 "http://localhost:3000/" "Mozilla/5.0 (X11; Linux x86_64) AppleWebKit/537.36 (KHTML, like Gecko) Chrome/61.0.3163.100 Safari/537.36"
::1 - - [02/Oct/2017:09:40:13 +0000] "GET / HTTP/1.1" 200 1574 "http://localhost:3000/" "Mozilla/5.0 (X11; Linux x86_64) AppleWebKit/537.36 (KHTML, like Gecko) Chrome/61.0.3163.100 Safari/537.36"
::1 - - [02/Oct/2017:09:40:13 +0000] "GET /css/bootstrap-social.css HTTP/1.1" 304 - "http://localhost:3000/" "Mozilla/5.0 (X11; Linux x86_64) AppleWebKit/537.36 (KHTML, like Gecko) Chrome/61.0.3163.100 Safari/537.36"
::1 - - [02/Oct/2017:09:40:13 +0000] "GET /css/login.css HTTP/1.1" 304 - "http://localhost:3000/" "Mozilla/5.0 (X11; Linux x86_64) AppleWebKit/537.36 (KHTML, like Gecko) Chrome/61.0.3163.100 Safari/537.36"
::1 - - [02/Oct/2017:09:40:27 +0000] "GET /auth/github HTTP/1.1" 302 300 "http://localhost:3000/" "Mozilla/5.0 (X11; Linux x86_64) AppleWebKit/537.36 (KHTML, like Gecko) Chrome/61.0.3163.100 Safari/537.36"
::1 - - [02/Oct/2017:09:40:29 +0000] "GET /auth/github/callback?code=ea3723296b34e13c1b5a HTTP/1.1" 302 46 "http://localhost:3000/" "Mozilla/5.0 (X11; Linux x86_64) AppleWebKit/537.36 (KHTML, like Gecko) Chrome/61.0.3163.100 Safari/537.36"
::1 - - [02/Oct/2017:09:40:29 +0000] "GET / HTTP/1.1" 200 8506 "http://localhost:3000/" "Mozilla/5.0 (X11; Linux x86_64) AppleWebKit/537.36 (KHTML, like Gecko) Chrome/61.0.3163.100 Safari/537.36"
::1 - - [02/Oct/2017:09:40:29 +0000] "GET /css/bootstrap-social.css HTTP/1.1" 304 - "http://localhost:3000/" "Mozilla/5.0 (X11; Linux x86_64) AppleWebKit/537.36 (KHTML, like Gecko) Chrome/61.0.3163.100 Safari/537.36"
::1 - - [02/Oct/2017:09:40:29 +0000] "GET /css/home.css HTTP/1.1" 304 - "http://localhost:3000/" "Mozilla/5.0 (X11; Linux x86_64) AppleWebKit/537.36 (KHTML, like Gecko) Chrome/61.0.3163.100 Safari/537.36"
::1 - - [02/Oct/2017:09:40:29 +0000] "GET /css/search.css HTTP/1.1" 304 - "http://localhost:3000/" "Mozilla/5.0 (X11; Linux x86_64) AppleWebKit/537.36 (KHTML, like Gecko) Chrome/61.0.3163.100 Safari/537.36"
::1 - - [02/Oct/2017:09:41:12 +0000] "GET /search?search=london HTTP/1.1" 200 2453 "http://localhost:3000/" "Mozilla/5.0 (X11; Linux x86_64) AppleWebKit/537.36 (KHTML, like Gecko) Chrome/61.0.3163.100 Safari/537.36"
::1 - - [02/Oct/2017:09:41:13 +0000] "GET /css/bootstrap-social.css HTTP/1.1" 304 - "http://localhost:3000/search?search=london" "Mozilla/5.0 (X11; Linux x86_64) AppleWebKit/537.36 (KHTML, like Gecko) Chrome/61.0.3163.100 Safari/537.36"
::1 - - [02/Oct/2017:09:41:13 +0000] "GET /css/results.css HTTP/1.1" 304 - "http://localhost:3000/search?search=london" "Mozilla/5.0 (X11; Linux x86_64) AppleWebKit/537.36 (KHTML, like Gecko) Chrome/61.0.3163.100 Safari/537.36"
::1 - - [02/Oct/2017:09:41:13 +0000] "GET /css/home.css HTTP/1.1" 304 - "http://localhost:3000/search?search=london" "Mozilla/5.0 (X11; Linux x86_64) AppleWebKit/537.36 (KHTML, like Gecko) Chrome/61.0.3163.100 Safari/537.36"
::1 - - [02/Oct/2017:09:41:13 +0000] "GET /js/dropdown.js HTTP/1.1" 304 - "http://localhost:3000/search?search=london" "Mozilla/5.0 (X11; Linux x86_64) AppleWebKit/537.36 (KHTML, like Gecko) Chrome/61.0.3163.100 Safari/537.36"
::1 - - [02/Oct/2017:09:41:27 +0000] "GET /search?search=gaza HTTP/1.1" 304 - "http://localhost:3000/search?search=london" "Mozilla/5.0 (X11; Linux x86_64) AppleWebKit/537.36 (KHTML, like Gecko) Chrome/61.0.3163.100 Safari/537.36"
::1 - - [02/Oct/2017:09:41:27 +0000] "GET /css/bootstrap-social.css HTTP/1.1" 304 - "http://localhost:3000/search?search=gaza" "Mozilla/5.0 (X11; Linux x86_64) AppleWebKit/537.36 (KHTML, like Gecko) Chrome/61.0.3163.100 Safari/537.36"
::1 - - [02/Oct/2017:09:41:27 +0000] "GET /css/results.css HTTP/1.1" 304 - "http://localhost:3000/search?search=gaza" "Mozilla/5.0 (X11; Linux x86_64) AppleWebKit/537.36 (KHTML, like Gecko) Chrome/61.0.3163.100 Safari/537.36"
::1 - - [02/Oct/2017:09:41:27 +0000] "GET /css/home.css HTTP/1.1" 304 - "http://localhost:3000/search?search=gaza" "Mozilla/5.0 (X11; Linux x86_64) AppleWebKit/537.36 (KHTML, like Gecko) Chrome/61.0.3163.100 Safari/537.36"
::1 - - [02/Oct/2017:09:41:27 +0000] "GET /js/dropdown.js HTTP/1.1" 304 - "http://localhost:3000/search?search=gaza" "Mozilla/5.0 (X11; Linux x86_64) AppleWebKit/537.36 (KHTML, like Gecko) Chrome/61.0.3163.100 Safari/537.36"
::1 - - [02/Oct/2017:09:41:42 +0000] "GET /search?search=gaza HTTP/1.1" 304 - "http://localhost:3000/search?search=gaza" "Mozilla/5.0 (X11; Linux x86_64) AppleWebKit/537.36 (KHTML, like Gecko) Chrome/61.0.3163.100 Safari/537.36"
::1 - - [02/Oct/2017:09:41:43 +0000] "GET /css/bootstrap-social.css HTTP/1.1" 304 - "http://localhost:3000/search?search=gaza" "Mozilla/5.0 (X11; Linux x86_64) AppleWebKit/537.36 (KHTML, like Gecko) Chrome/61.0.3163.100 Safari/537.36"
::1 - - [02/Oct/2017:09:41:43 +0000] "GET /css/results.css HTTP/1.1" 304 - "http://localhost:3000/search?search=gaza" "Mozilla/5.0 (X11; Linux x86_64) AppleWebKit/537.36 (KHTML, like Gecko) Chrome/61.0.3163.100 Safari/537.36"
::1 - - [02/Oct/2017:09:41:43 +0000] "GET /css/home.css HTTP/1.1" 304 - "http://localhost:3000/search?search=gaza" "Mozilla/5.0 (X11; Linux x86_64) AppleWebKit/537.36 (KHTML, like Gecko) Chrome/61.0.3163.100 Safari/537.36"
::1 - - [02/Oct/2017:09:41:43 +0000] "GET /js/dropdown.js HTTP/1.1" 304 - "http://localhost:3000/search?search=gaza" "Mozilla/5.0 (X11; Linux x86_64) AppleWebKit/537.36 (KHTML, like Gecko) Chrome/61.0.3163.100 Safari/537.36"
::1 - - [02/Oct/2017:09:41:50 +0000] "GET /search?search=js HTTP/1.1" 200 3545 "http://localhost:3000/search?search=gaza" "Mozilla/5.0 (X11; Linux x86_64) AppleWebKit/537.36 (KHTML, like Gecko) Chrome/61.0.3163.100 Safari/537.36"
::1 - - [02/Oct/2017:09:41:50 +0000] "GET /css/bootstrap-social.css HTTP/1.1" 304 - "http://localhost:3000/search?search=js" "Mozilla/5.0 (X11; Linux x86_64) AppleWebKit/537.36 (KHTML, like Gecko) Chrome/61.0.3163.100 Safari/537.36"
::1 - - [02/Oct/2017:09:41:50 +0000] "GET /css/results.css HTTP/1.1" 304 - "http://localhost:3000/search?search=js" "Mozilla/5.0 (X11; Linux x86_64) AppleWebKit/537.36 (KHTML, like Gecko) Chrome/61.0.3163.100 Safari/537.36"
::1 - - [02/Oct/2017:09:41:50 +0000] "GET /css/home.css HTTP/1.1" 304 - "http://localhost:3000/search?search=js" "Mozilla/5.0 (X11; Linux x86_64) AppleWebKit/537.36 (KHTML, like Gecko) Chrome/61.0.3163.100 Safari/537.36"
::1 - - [02/Oct/2017:09:41:50 +0000] "GET /js/dropdown.js HTTP/1.1" 304 - "http://localhost:3000/search?search=js" "Mozilla/5.0 (X11; Linux x86_64) AppleWebKit/537.36 (KHTML, like Gecko) Chrome/61.0.3163.100 Safari/537.36"
::1 - - [02/Oct/2017:09:41:58 +0000] "GET /profile/mrm7moud HTTP/1.1" 304 - "http://localhost:3000/search?search=js" "Mozilla/5.0 (X11; Linux x86_64) AppleWebKit/537.36 (KHTML, like Gecko) Chrome/61.0.3163.100 Safari/537.36"
::1 - - [02/Oct/2017:09:41:59 +0000] "GET /css/bootstrap-social.css HTTP/1.1" 304 - "http://localhost:3000/profile/mrm7moud" "Mozilla/5.0 (X11; Linux x86_64) AppleWebKit/537.36 (KHTML, like Gecko) Chrome/61.0.3163.100 Safari/537.36"
::1 - - [02/Oct/2017:09:41:59 +0000] "GET /css/home.css HTTP/1.1" 304 - "http://localhost:3000/profile/mrm7moud" "Mozilla/5.0 (X11; Linux x86_64) AppleWebKit/537.36 (KHTML, like Gecko) Chrome/61.0.3163.100 Safari/537.36"
::1 - - [02/Oct/2017:09:41:59 +0000] "GET /coz-css/bootstrap.max.css HTTP/1.1" 304 - "http://localhost:3000/profile/mrm7moud" "Mozilla/5.0 (X11; Linux x86_64) AppleWebKit/537.36 (KHTML, like Gecko) Chrome/61.0.3163.100 Safari/537.36"
::1 - - [02/Oct/2017:09:41:59 +0000] "GET /coz-css/bootstrap.public.css HTTP/1.1" 304 - "http://localhost:3000/profile/mrm7moud" "Mozilla/5.0 (X11; Linux x86_64) AppleWebKit/537.36 (KHTML, like Gecko) Chrome/61.0.3163.100 Safari/537.36"
::1 - - [02/Oct/2017:09:41:59 +0000] "GET /css/profile.css HTTP/1.1" 304 - "http://localhost:3000/profile/mrm7moud" "Mozilla/5.0 (X11; Linux x86_64) AppleWebKit/537.36 (KHTML, like Gecko) Chrome/61.0.3163.100 Safari/537.36"
::1 - - [02/Oct/2017:09:41:59 +0000] "GET /coz-css/bootstrap.mini.css HTTP/1.1" 304 - "http://localhost:3000/profile/mrm7moud" "Mozilla/5.0 (X11; Linux x86_64) AppleWebKit/537.36 (KHTML, like Gecko) Chrome/61.0.3163.100 Safari/537.36"
::1 - - [02/Oct/2017:09:41:59 +0000] "GET /coz-css/A.css HTTP/1.1" 304 - "http://localhost:3000/profile/mrm7moud" "Mozilla/5.0 (X11; Linux x86_64) AppleWebKit/537.36 (KHTML, like Gecko) Chrome/61.0.3163.100 Safari/537.36"
::1 - - [02/Oct/2017:09:41:59 +0000] "GET /coz-css/fonts/font-awesome/fonts/fontawesome-webfont.woff2?v=4.6.3 HTTP/1.1" 404 197 "http://localhost:3000/coz-css/bootstrap.mini.css" "Mozilla/5.0 (X11; Linux x86_64) AppleWebKit/537.36 (KHTML, like Gecko) Chrome/61.0.3163.100 Safari/537.36"
::1 - - [02/Oct/2017:09:41:59 +0000] "GET /coz-css/fonts/font-awesome/fonts/fontawesome-webfont.woff?v=4.6.3 HTTP/1.1" 404 196 "http://localhost:3000/coz-css/bootstrap.mini.css" "Mozilla/5.0 (X11; Linux x86_64) AppleWebKit/537.36 (KHTML, like Gecko) Chrome/61.0.3163.100 Safari/537.36"
::1 - - [02/Oct/2017:09:41:59 +0000] "GET /coz-css/fonts/font-awesome/fonts/fontawesome-webfont.ttf?v=4.6.3 HTTP/1.1" 404 195 "http://localhost:3000/coz-css/bootstrap.mini.css" "Mozilla/5.0 (X11; Linux x86_64) AppleWebKit/537.36 (KHTML, like Gecko) Chrome/61.0.3163.100 Safari/537.36"
::1 - - [02/Oct/2017:09:44:29 +0000] "GET / HTTP/1.1" 304 - "http://localhost:3000/profile/mrm7moud" "Mozilla/5.0 (X11; Linux x86_64) AppleWebKit/537.36 (KHTML, like Gecko) Chrome/61.0.3163.100 Safari/537.36"
::1 - - [02/Oct/2017:09:44:29 +0000] "GET /css/bootstrap-social.css HTTP/1.1" 304 - "http://localhost:3000/" "Mozilla/5.0 (X11; Linux x86_64) AppleWebKit/537.36 (KHTML, like Gecko) Chrome/61.0.3163.100 Safari/537.36"
::1 - - [02/Oct/2017:09:44:29 +0000] "GET /css/home.css HTTP/1.1" 304 - "http://localhost:3000/" "Mozilla/5.0 (X11; Linux x86_64) AppleWebKit/537.36 (KHTML, like Gecko) Chrome/61.0.3163.100 Safari/537.36"
::1 - - [02/Oct/2017:09:44:29 +0000] "GET /css/search.css HTTP/1.1" 304 - "http://localhost:3000/" "Mozilla/5.0 (X11; Linux x86_64) AppleWebKit/537.36 (KHTML, like Gecko) Chrome/61.0.3163.100 Safari/537.36"
::1 - - [02/Oct/2017:09:44:37 +0000] "GET /search?search=london HTTP/1.1" 500 1189 "http://localhost:3000/" "Mozilla/5.0 (X11; Linux x86_64) AppleWebKit/537.36 (KHTML, like Gecko) Chrome/61.0.3163.100 Safari/537.36"
::1 - - [02/Oct/2017:09:44:37 +0000] "GET /css/bootstrap-social.css HTTP/1.1" 304 - "http://localhost:3000/search?search=london" "Mozilla/5.0 (X11; Linux x86_64) AppleWebKit/537.36 (KHTML, like Gecko) Chrome/61.0.3163.100 Safari/537.36"
::1 - - [02/Oct/2017:09:44:49 +0000] "GET / HTTP/1.1" 304 - "-" "Mozilla/5.0 (X11; Linux x86_64) AppleWebKit/537.36 (KHTML, like Gecko) Chrome/61.0.3163.100 Safari/537.36"
::1 - - [02/Oct/2017:09:44:49 +0000] "GET /css/bootstrap-social.css HTTP/1.1" 304 - "http://localhost:3000/" "Mozilla/5.0 (X11; Linux x86_64) AppleWebKit/537.36 (KHTML, like Gecko) Chrome/61.0.3163.100 Safari/537.36"
::1 - - [02/Oct/2017:09:44:49 +0000] "GET /css/home.css HTTP/1.1" 304 - "http://localhost:3000/" "Mozilla/5.0 (X11; Linux x86_64) AppleWebKit/537.36 (KHTML, like Gecko) Chrome/61.0.3163.100 Safari/537.36"
::1 - - [02/Oct/2017:09:44:49 +0000] "GET /css/search.css HTTP/1.1" 304 - "http://localhost:3000/" "Mozilla/5.0 (X11; Linux x86_64) AppleWebKit/537.36 (KHTML, like Gecko) Chrome/61.0.3163.100 Safari/537.36"
::ffff:127.0.0.1 - - [03/Oct/2017:07:38:00 +0000] "GET / HTTP/1.1" 200 1574 "-" "node-superagent/3.6.0"
::ffff:127.0.0.1 - - [03/Oct/2017:07:43:14 +0000] "GET / HTTP/1.1" 200 1574 "-" "node-superagent/3.6.0"
::ffff:127.0.0.1 - - [03/Oct/2017:08:26:14 +0000] "GET / HTTP/1.1" 200 1574 "-" "node-superagent/3.6.0"
::ffff:127.0.0.1 - - [03/Oct/2017:09:12:12 +0000] "GET / HTTP/1.1" 200 1574 "-" "node-superagent/3.6.0"
::ffff:127.0.0.1 - - [03/Oct/2017:10:44:34 +0000] "GET / HTTP/1.1" 200 1574 "-" "node-superagent/3.6.0"
